<?xml version="1.0" encoding="UTF-8"?>
<!-- Generated by org.testng.reporters.JUnitReportReporter -->
<testsuite hostname="LAPTOP-MNS8NOGH" failures="0" tests="7" name="Com.sgtesting.launchprocess.UserScenario" time="12.443" errors="0" timestamp="2022-09-16T17:22:46 IST" skipped="0">
  <testcase classname="Com.sgtesting.launchprocess.UserScenario" name="launchbroswer" time="1.500"/>
  <system-out/>
  <testcase classname="Com.sgtesting.launchprocess.UserScenario" name="navigate" time="6.768"/>
  <system-out/>
  <testcase classname="Com.sgtesting.launchprocess.UserScenario" name="login" time="0.424"/>
  <system-out/>
  <testcase classname="Com.sgtesting.launchprocess.UserScenario" name="CreateUsername" time="2.255"/>
  <system-out/>
  <testcase classname="Com.sgtesting.launchprocess.UserScenario" name="DeleteUser" time="0.042"/>
  <system-out/>
  <testcase classname="Com.sgtesting.launchprocess.UserScenario" name="logout" time="1.081"/>
  <system-out/>
  <testcase classname="Com.sgtesting.launchprocess.UserScenario" name="closeApplication" time="0.373"/>
  <system-out/>
</testsuite> <!-- Com.sgtesting.launchprocess.UserScenario -->
