<?xml version="1.0" encoding="UTF-8"?>
<!-- Generated by org.testng.reporters.JUnitReportReporter -->
<testsuite hostname="LAPTOP-MNS8NOGH" failures="0" tests="12" name="Com.sgtesting.launchprocess.Assignment7" time="74.386" errors="0" timestamp="2022-09-16T17:22:46 IST" skipped="0">
  <testcase classname="Com.sgtesting.launchprocess.Assignment7" name="launchbroswer" time="1.388"/>
  <system-out/>
  <testcase classname="Com.sgtesting.launchprocess.Assignment7" name="navigate" time="7.901"/>
  <system-out/>
  <testcase classname="Com.sgtesting.launchprocess.Assignment7" name="login" time="0.249"/>
  <system-out/>
  <testcase classname="Com.sgtesting.launchprocess.Assignment7" name="minimizeFlyOutWindow" time="4.329"/>
  <system-out/>
  <testcase classname="Com.sgtesting.launchprocess.Assignment7" name="CustomerCreate" time="10.400"/>
  <system-out/>
  <testcase classname="Com.sgtesting.launchprocess.Assignment7" name="ProjectCreate" time="10.812"/>
  <system-out/>
  <testcase classname="Com.sgtesting.launchprocess.Assignment7" name="ModifiyProject" time="8.665"/>
  <system-out/>
  <testcase classname="Com.sgtesting.launchprocess.Assignment7" name="NewTask" time="6.898"/>
  <system-out/>
  <testcase classname="Com.sgtesting.launchprocess.Assignment7" name="DeleteProject" time="6.541"/>
  <system-out/>
  <testcase classname="Com.sgtesting.launchprocess.Assignment7" name="DeleteCustomer" time="14.570"/>
  <system-out/>
  <testcase classname="Com.sgtesting.launchprocess.Assignment7" name="Logout" time="2.400"/>
  <system-out/>
  <testcase classname="Com.sgtesting.launchprocess.Assignment7" name="CloseApplication" time="0.233"/>
  <system-out/>
</testsuite> <!-- Com.sgtesting.launchprocess.Assignment7 -->
