<?xml version="1.0" encoding="UTF-8"?>
<!-- Generated by org.testng.reporters.JUnitReportReporter -->
<testsuite hostname="LAPTOP-MNS8NOGH" failures="0" tests="9" name="Com.sgtesting.launchprocess.Assignment4" time="49.633" errors="0" timestamp="2022-09-16T17:22:46 IST" skipped="0">
  <testcase classname="Com.sgtesting.launchprocess.Assignment4" name="launchbroswer" time="1.115"/>
  <system-out/>
  <testcase classname="Com.sgtesting.launchprocess.Assignment4" name="navigate" time="6.096"/>
  <system-out/>
  <testcase classname="Com.sgtesting.launchprocess.Assignment4" name="login" time="0.336"/>
  <system-out/>
  <testcase classname="Com.sgtesting.launchprocess.Assignment4" name="minimizeFlyOutWindow" time="5.757"/>
  <system-out/>
  <testcase classname="Com.sgtesting.launchprocess.Assignment4" name="CustomerCreate" time="10.193"/>
  <system-out/>
  <testcase classname="Com.sgtesting.launchprocess.Assignment4" name="ModifyTask6" time="6.651"/>
  <system-out/>
  <testcase classname="Com.sgtesting.launchprocess.Assignment4" name="DeleteCustomer" time="16.871"/>
  <system-out/>
  <testcase classname="Com.sgtesting.launchprocess.Assignment4" name="Logout" time="2.442"/>
  <system-out/>
  <testcase classname="Com.sgtesting.launchprocess.Assignment4" name="CloseApplication" time="0.172"/>
  <system-out/>
</testsuite> <!-- Com.sgtesting.launchprocess.Assignment4 -->
