<?xml version="1.0" encoding="UTF-8"?>
<!-- Generated by org.testng.reporters.JUnitReportReporter -->
<testsuite hostname="LAPTOP-MNS8NOGH" failures="0" tests="9" name="Com.sgtesting.launchprocess.Assignment2" time="59.601" errors="0" timestamp="2022-09-16T17:22:46 IST" skipped="0">
  <testcase classname="Com.sgtesting.launchprocess.Assignment2" name="launchbroswer" time="2.839"/>
  <system-out/>
  <testcase classname="Com.sgtesting.launchprocess.Assignment2" name="navigate" time="6.991"/>
  <system-out/>
  <testcase classname="Com.sgtesting.launchprocess.Assignment2" name="login" time="0.360"/>
  <system-out/>
  <testcase classname="Com.sgtesting.launchprocess.Assignment2" name="minimizeFlyOutWindow" time="3.901"/>
  <system-out/>
  <testcase classname="Com.sgtesting.launchprocess.Assignment2" name="CreateUsername" time="16.212"/>
  <system-out/>
  <testcase classname="Com.sgtesting.launchprocess.Assignment2" name="ModifiyUsername" time="19.744"/>
  <system-out/>
  <testcase classname="Com.sgtesting.launchprocess.Assignment2" name="DeleteUser" time="6.445"/>
  <system-out/>
  <testcase classname="Com.sgtesting.launchprocess.Assignment2" name="logout" time="2.563"/>
  <system-out/>
  <testcase classname="Com.sgtesting.launchprocess.Assignment2" name="closeApplication" time="0.546"/>
  <system-out/>
</testsuite> <!-- Com.sgtesting.launchprocess.Assignment2 -->
