<?xml version="1.0" encoding="UTF-8"?>
<!-- Generated by org.testng.reporters.JUnitReportReporter -->
<testsuite hostname="LAPTOP-MNS8NOGH" failures="0" tests="8" name="Com.sgtesting.launchprocess.Assignment3" time="41.195" errors="0" timestamp="2022-09-16T17:22:46 IST" skipped="0">
  <testcase classname="Com.sgtesting.launchprocess.Assignment3" name="launchbroswer" time="1.789"/>
  <system-out/>
  <testcase classname="Com.sgtesting.launchprocess.Assignment3" name="navigate" time="6.773"/>
  <system-out/>
  <testcase classname="Com.sgtesting.launchprocess.Assignment3" name="login" time="0.253"/>
  <system-out/>
  <testcase classname="Com.sgtesting.launchprocess.Assignment3" name="minimizeFlyOutWindow" time="3.810"/>
  <system-out/>
  <testcase classname="Com.sgtesting.launchprocess.Assignment3" name="CustomerCreate" time="11.108"/>
  <system-out/>
  <testcase classname="Com.sgtesting.launchprocess.Assignment3" name="DeleteCustomer" time="14.774"/>
  <system-out/>
  <testcase classname="Com.sgtesting.launchprocess.Assignment3" name="Logout" time="2.374"/>
  <system-out/>
  <testcase classname="Com.sgtesting.launchprocess.Assignment3" name="CloseApplication" time="0.314"/>
  <system-out/>
</testsuite> <!-- Com.sgtesting.launchprocess.Assignment3 -->
