<?xml version="1.0" encoding="UTF-8"?>
<!-- Generated by org.testng.reporters.JUnitReportReporter -->
<testsuite hostname="LAPTOP-MNS8NOGH" failures="0" tests="10" name="Com.sgtesting.launchprocess.Assignment6" time="59.221" errors="0" timestamp="2022-09-16T17:22:46 IST" skipped="0">
  <testcase classname="Com.sgtesting.launchprocess.Assignment6" name="launchbroswer" time="1.271"/>
  <system-out/>
  <testcase classname="Com.sgtesting.launchprocess.Assignment6" name="navigate" time="6.678"/>
  <system-out/>
  <testcase classname="Com.sgtesting.launchprocess.Assignment6" name="login" time="0.288"/>
  <system-out/>
  <testcase classname="Com.sgtesting.launchprocess.Assignment6" name="minimizeFlyOutWindow" time="5.878"/>
  <system-out/>
  <testcase classname="Com.sgtesting.launchprocess.Assignment6" name="CustomerCreate" time="10.274"/>
  <system-out/>
  <testcase classname="Com.sgtesting.launchprocess.Assignment6" name="ProjectCreate" time="10.962"/>
  <system-out/>
  <testcase classname="Com.sgtesting.launchprocess.Assignment6" name="DeleteProject" time="6.544"/>
  <system-out/>
  <testcase classname="Com.sgtesting.launchprocess.Assignment6" name="DeleteCustomer" time="14.698"/>
  <system-out/>
  <testcase classname="Com.sgtesting.launchprocess.Assignment6" name="Logout" time="2.420"/>
  <system-out/>
  <testcase classname="Com.sgtesting.launchprocess.Assignment6" name="CloseApplication" time="0.208"/>
  <system-out/>
</testsuite> <!-- Com.sgtesting.launchprocess.Assignment6 -->
